c:\users\toni\source\repos\programiranje toni vulic\programiranje toni vulic\x64\debug\vc143.pdb
c:\users\toni\source\repos\programiranje toni vulic\programiranje toni vulic\x64\debug\vc143.idb
c:\users\toni\source\repos\programiranje toni vulic\programiranje toni vulic\x64\debug\funkcije.obj
c:\users\toni\source\repos\programiranje toni vulic\programiranje toni vulic\x64\debug\main.obj
c:\users\toni\source\repos\programiranje toni vulic\x64\debug\programiranje toni vulic.exe
c:\users\toni\source\repos\programiranje toni vulic\x64\debug\programiranje toni vulic.pdb
e:\programiranje toni vulic\programiranje toni vulic\x64\debug\funkcije.obj
e:\programiranje toni vulic\programiranje toni vulic\x64\debug\main.obj
e:\programiranje toni vulic\programiranje toni vulic\x64\debug\funkcije.obj.enc
e:\programiranje toni vulic\programiranje toni vulic\x64\debug\main.obj.enc
e:\programiranje toni vulic\programiranje toni vulic\x64\debug\programiranje toni vulic.ilk
e:\programiranje toni vulic\programiranje toni vulic\x64\debug\vc143.idb
e:\programiranje toni vulic\programiranje toni vulic\x64\debug\vc143.pdb
e:\programiranje toni vulic\x64\debug\programiranje toni vulic.pdb
e:\programiranje toni vulic\x64\debug\programiranje toni vulic.exe
e:\programiranje toni vulic\programiranje toni vulic\x64\debug\programi.9cf221e8.tlog\cl.command.1.tlog
e:\programiranje toni vulic\programiranje toni vulic\x64\debug\programi.9cf221e8.tlog\cl.items.tlog
e:\programiranje toni vulic\programiranje toni vulic\x64\debug\programi.9cf221e8.tlog\cl.read.1.tlog
e:\programiranje toni vulic\programiranje toni vulic\x64\debug\programi.9cf221e8.tlog\cl.write.1.tlog
e:\programiranje toni vulic\programiranje toni vulic\x64\debug\programi.9cf221e8.tlog\link.command.1.tlog
e:\programiranje toni vulic\programiranje toni vulic\x64\debug\programi.9cf221e8.tlog\link.read.1.tlog
e:\programiranje toni vulic\programiranje toni vulic\x64\debug\programi.9cf221e8.tlog\link.secondary.1.tlog
e:\programiranje toni vulic\programiranje toni vulic\x64\debug\programi.9cf221e8.tlog\link.write.1.tlog
